  BonusC.cpp
D:\UCF\Senior2\CDA3103\ExtraCredit\BonusC\BonusC\BonusC\BonusC.cpp(107,10): error C4996: 'fopen': This function or variable may be unsafe. Consider using fopen_s instead. To disable deprecation, use _CRT_SECURE_NO_WARNINGS. See online help for details.
D:\UCF\Senior2\CDA3103\ExtraCredit\BonusC\BonusC\BonusC\BonusC.cpp(115,12): error C4996: 'fscanf': This function or variable may be unsafe. Consider using fscanf_s instead. To disable deprecation, use _CRT_SECURE_NO_WARNINGS. See online help for details.
D:\UCF\Senior2\CDA3103\ExtraCredit\BonusC\BonusC\BonusC\BonusC.cpp(145,5): error C2664: 'void read_file_and_access_cache(char *,int,int)': cannot convert argument 1 from 'const char [11]' to 'char *'
D:\UCF\Senior2\CDA3103\ExtraCredit\BonusC\BonusC\BonusC\BonusC.cpp(145,32): message : Conversion from string literal loses const qualifier (see /Zc:strictStrings)
D:\UCF\Senior2\CDA3103\ExtraCredit\BonusC\BonusC\BonusC\BonusC.cpp(98,6): message : see declaration of 'read_file_and_access_cache'
D:\UCF\Senior2\CDA3103\ExtraCredit\BonusC\BonusC\BonusC\BonusC.cpp(145,5): message : while trying to match the argument list '(const char [11], int, int)'
D:\UCF\Senior2\CDA3103\ExtraCredit\BonusC\BonusC\BonusC\BonusC.cpp(153,5): error C2664: 'void read_file_and_access_cache(char *,int,int)': cannot convert argument 1 from 'const char [11]' to 'char *'
D:\UCF\Senior2\CDA3103\ExtraCredit\BonusC\BonusC\BonusC\BonusC.cpp(153,32): message : Conversion from string literal loses const qualifier (see /Zc:strictStrings)
D:\UCF\Senior2\CDA3103\ExtraCredit\BonusC\BonusC\BonusC\BonusC.cpp(98,6): message : see declaration of 'read_file_and_access_cache'
D:\UCF\Senior2\CDA3103\ExtraCredit\BonusC\BonusC\BonusC\BonusC.cpp(153,5): message : while trying to match the argument list '(const char [11], int, int)'
D:\UCF\Senior2\CDA3103\ExtraCredit\BonusC\BonusC\BonusC\BonusC.cpp(161,5): error C2664: 'void read_file_and_access_cache(char *,int,int)': cannot convert argument 1 from 'const char [11]' to 'char *'
D:\UCF\Senior2\CDA3103\ExtraCredit\BonusC\BonusC\BonusC\BonusC.cpp(161,32): message : Conversion from string literal loses const qualifier (see /Zc:strictStrings)
D:\UCF\Senior2\CDA3103\ExtraCredit\BonusC\BonusC\BonusC\BonusC.cpp(98,6): message : see declaration of 'read_file_and_access_cache'
D:\UCF\Senior2\CDA3103\ExtraCredit\BonusC\BonusC\BonusC\BonusC.cpp(161,5): message : while trying to match the argument list '(const char [11], int, int)'
D:\UCF\Senior2\CDA3103\ExtraCredit\BonusC\BonusC\BonusC\BonusC.cpp(169,5): error C2664: 'void read_file_and_access_cache(char *,int,int)': cannot convert argument 1 from 'const char [11]' to 'char *'
D:\UCF\Senior2\CDA3103\ExtraCredit\BonusC\BonusC\BonusC\BonusC.cpp(169,32): message : Conversion from string literal loses const qualifier (see /Zc:strictStrings)
D:\UCF\Senior2\CDA3103\ExtraCredit\BonusC\BonusC\BonusC\BonusC.cpp(98,6): message : see declaration of 'read_file_and_access_cache'
D:\UCF\Senior2\CDA3103\ExtraCredit\BonusC\BonusC\BonusC\BonusC.cpp(169,5): message : while trying to match the argument list '(const char [11], int, int)'
D:\UCF\Senior2\CDA3103\ExtraCredit\BonusC\BonusC\BonusC\BonusC.cpp(177,5): error C2664: 'void read_file_and_access_cache(char *,int,int)': cannot convert argument 1 from 'const char [11]' to 'char *'
D:\UCF\Senior2\CDA3103\ExtraCredit\BonusC\BonusC\BonusC\BonusC.cpp(177,32): message : Conversion from string literal loses const qualifier (see /Zc:strictStrings)
D:\UCF\Senior2\CDA3103\ExtraCredit\BonusC\BonusC\BonusC\BonusC.cpp(98,6): message : see declaration of 'read_file_and_access_cache'
D:\UCF\Senior2\CDA3103\ExtraCredit\BonusC\BonusC\BonusC\BonusC.cpp(177,5): message : while trying to match the argument list '(const char [11], int, int)'
D:\UCF\Senior2\CDA3103\ExtraCredit\BonusC\BonusC\BonusC\BonusC.cpp(185,5): error C2664: 'void read_file_and_access_cache(char *,int,int)': cannot convert argument 1 from 'const char [11]' to 'char *'
D:\UCF\Senior2\CDA3103\ExtraCredit\BonusC\BonusC\BonusC\BonusC.cpp(185,32): message : Conversion from string literal loses const qualifier (see /Zc:strictStrings)
D:\UCF\Senior2\CDA3103\ExtraCredit\BonusC\BonusC\BonusC\BonusC.cpp(98,6): message : see declaration of 'read_file_and_access_cache'
D:\UCF\Senior2\CDA3103\ExtraCredit\BonusC\BonusC\BonusC\BonusC.cpp(185,5): message : while trying to match the argument list '(const char [11], int, int)'
D:\UCF\Senior2\CDA3103\ExtraCredit\BonusC\BonusC\BonusC\BonusC.cpp(193,5): error C2664: 'void read_file_and_access_cache(char *,int,int)': cannot convert argument 1 from 'const char [11]' to 'char *'
D:\UCF\Senior2\CDA3103\ExtraCredit\BonusC\BonusC\BonusC\BonusC.cpp(193,32): message : Conversion from string literal loses const qualifier (see /Zc:strictStrings)
D:\UCF\Senior2\CDA3103\ExtraCredit\BonusC\BonusC\BonusC\BonusC.cpp(98,6): message : see declaration of 'read_file_and_access_cache'
D:\UCF\Senior2\CDA3103\ExtraCredit\BonusC\BonusC\BonusC\BonusC.cpp(193,5): message : while trying to match the argument list '(const char [11], int, int)'
D:\UCF\Senior2\CDA3103\ExtraCredit\BonusC\BonusC\BonusC\BonusC.cpp(202,5): error C2664: 'void read_file_and_access_cache(char *,int,int)': cannot convert argument 1 from 'const char [11]' to 'char *'
D:\UCF\Senior2\CDA3103\ExtraCredit\BonusC\BonusC\BonusC\BonusC.cpp(202,32): message : Conversion from string literal loses const qualifier (see /Zc:strictStrings)
D:\UCF\Senior2\CDA3103\ExtraCredit\BonusC\BonusC\BonusC\BonusC.cpp(98,6): message : see declaration of 'read_file_and_access_cache'
D:\UCF\Senior2\CDA3103\ExtraCredit\BonusC\BonusC\BonusC\BonusC.cpp(202,5): message : while trying to match the argument list '(const char [11], int, int)'
